info: Download starting. {"0":{"rss":59834368,"heapTotal":35246080,"heapUsed":31697888,"external":1823026},"1":[0,7455372],"timestamp":"2022-02-08T23:47:32.644Z"}
info: Response accepted. {"0":"https://makehs.cl/","1":200,"2":"text/html; charset=UTF-8","3":{"rss":61280256,"heapTotal":36032512,"heapUsed":32195408,"external":1876565},"4":[1,321084427],"timestamp":"2022-02-08T23:47:33.956Z"}
info: Response accepted. {"0":"https://makehs.cl/wp-content/uploads/2020/12/apoyo-escolar.png","1":200,"2":"image/png","3":{"rss":62439424,"heapTotal":37081088,"heapUsed":33347432,"external":2157641},"4":[2,248149592],"timestamp":"2022-02-08T23:47:34.883Z"}
info: Response accepted. {"0":"https://makehs.cl/wp-content/uploads/2020/12/logo-make-230.png","1":200,"2":"image/png","3":{"rss":62439424,"heapTotal":37081088,"heapUsed":33445376,"external":2191421},"4":[2,251249937],"timestamp":"2022-02-08T23:47:34.886Z"}
info: Response accepted. {"0":"https://makehs.cl/wp-content/uploads/2020/12/cropped-logo-make-230.png","1":200,"2":"image/png","3":{"rss":62480384,"heapTotal":37081088,"heapUsed":33545376,"external":2238295},"4":[2,329064138],"timestamp":"2022-02-08T23:47:34.964Z"}
info: Response accepted. {"0":"https://makehs.cl/wp-content/uploads/2020/12/online.png","1":200,"2":"image/png","3":{"rss":62525440,"heapTotal":38129664,"heapUsed":33260272,"external":2117720},"4":[2,353101285],"timestamp":"2022-02-08T23:47:34.988Z"}
info: Response accepted. {"0":"https://makehs.cl/wp-content/uploads/2020/12/schooling-2.png","1":200,"2":"image/png","3":{"rss":62525440,"heapTotal":38129664,"heapUsed":33361904,"external":2155048},"4":[2,357138031],"timestamp":"2022-02-08T23:47:34.992Z"}
info: Response accepted. {"0":"https://makehs.cl/wp-content/uploads/2020/12/imagen-contacto-300x224.png","1":200,"2":"image/png","3":{"rss":62525440,"heapTotal":38129664,"heapUsed":33476736,"external":2195742},"4":[2,366177881],"timestamp":"2022-02-08T23:47:35.001Z"}
info: Response accepted. {"0":"https://makehs.cl/wp-content/uploads/2020/12/slider-1.jpg","1":200,"2":"image/jpeg","3":{"rss":62898176,"heapTotal":38391808,"heapUsed":33747696,"external":2117552},"4":[2,485423758],"timestamp":"2022-02-08T23:47:35.120Z"}
info: Response accepted. {"0":"https://makehs.cl/wp-content/uploads/2020/12/slider-3.jpg","1":200,"2":"image/jpeg","3":{"rss":62898176,"heapTotal":38391808,"heapUsed":33834808,"external":2117552},"4":[2,486235714],"timestamp":"2022-02-08T23:47:35.121Z"}
info: Response accepted. {"0":"https://makehs.cl/wp-content/uploads/2020/12/logo-blanco-230.png","1":200,"2":"image/png","3":{"rss":62898176,"heapTotal":38391808,"heapUsed":34087832,"external":2352047},"4":[2,555481116],"timestamp":"2022-02-08T23:47:35.190Z"}
info: Response accepted. {"0":"https://makehs.cl/wp-content/uploads/2020/12/slider-2.jpg","1":200,"2":"image/jpeg","3":{"rss":63401984,"heapTotal":40902656,"heapUsed":34288168,"external":2161902},"4":[2,745101060],"timestamp":"2022-02-08T23:47:35.380Z"}
info: Response accepted. {"0":"https://makehs.cl/wp-content/uploads/2021/01/slider1-5-01-01-1-1024x351.png","1":200,"2":"image/png","3":{"rss":63516672,"heapTotal":41332736,"heapUsed":34987360,"external":2500737},"4":[2,798983889],"timestamp":"2022-02-08T23:47:35.434Z"}
info: Response accepted. {"0":"https://makehs.cl/wp-content/uploads/2020/12/logo-blanco-retina.png","1":200,"2":"image/png","3":{"rss":65699840,"heapTotal":46051328,"heapUsed":31267536,"external":2474203},"4":[3,651443635],"timestamp":"2022-02-08T23:47:36.286Z"}
info: Response accepted. {"0":"https://makehs.cl/wp-content/uploads/2021/01/slider1-5-01-01-1-300x103.png","1":200,"2":"image/png","3":{"rss":65699840,"heapTotal":46051328,"heapUsed":31565352,"external":2725648},"4":[3,772162632],"timestamp":"2022-02-08T23:47:36.407Z"}
info: Response accepted. {"0":"https://makehs.cl/wp-content/uploads/2020/12/imagen-contacto.png","1":200,"2":"image/png","3":{"rss":65699840,"heapTotal":46051328,"heapUsed":31726432,"external":2725648},"4":[3,773799570],"timestamp":"2022-02-08T23:47:36.408Z"}
info: Response accepted. {"0":"https://makehs.cl/wp-content/uploads/2020/12/logo-retina.png","1":200,"2":"image/png","3":{"rss":65699840,"heapTotal":46051328,"heapUsed":31910688,"external":2822430},"4":[3,778898150],"timestamp":"2022-02-08T23:47:36.414Z"}
info: Response accepted. {"0":"https://makehs.cl/wp-content/uploads/2020/12/imagen-contacto-768x572.png","1":200,"2":"image/png","3":{"rss":65728512,"heapTotal":46231552,"heapUsed":32968856,"external":4198355},"4":[4,49223410],"timestamp":"2022-02-08T23:47:36.684Z"}
info: Response accepted. {"0":"https://makehs.cl/wp-content/uploads/2021/01/slider1-5-01-01-1-768x263.png","1":200,"2":"image/png","3":{"rss":66805760,"heapTotal":46485504,"heapUsed":33416568,"external":4613529},"4":[4,59811638],"timestamp":"2022-02-08T23:47:36.695Z"}
info: Response accepted. {"0":"https://makehs.cl/wp-content/uploads/2021/01/slider1-5-01-01-1-1536x526.png","1":200,"2":"image/png","3":{"rss":70586368,"heapTotal":47378432,"heapUsed":35673360,"external":6619848},"4":[4,317302998],"timestamp":"2022-02-08T23:47:36.952Z"}
info: Response accepted. {"0":"https://makehs.cl/wp-content/uploads/2021/01/slider1-5-01-01-1-2048x702.png","1":200,"2":"image/png","3":{"rss":74727424,"heapTotal":48873472,"heapUsed":37353496,"external":2297782},"4":[4,591491390],"timestamp":"2022-02-08T23:47:37.226Z"}
info: Response accepted. {"0":"https://makehs.cl/wp-content/plugins/click-to-chat-for-whatsapp/new/inc/assets/js/app.js?ver=3.2.4","1":200,"2":"application/javascript","3":{"rss":76144640,"heapTotal":50184192,"heapUsed":37965416,"external":1745342},"4":[5,214539574],"timestamp":"2022-02-08T23:47:37.849Z"}
info: Response accepted. {"0":"https://makehs.cl/wp-content/themes/onepress/assets/js/theme.js?ver=2.2.6","1":200,"2":"application/javascript","3":{"rss":76144640,"heapTotal":50184192,"heapUsed":38189680,"external":1918166},"4":[5,222216556],"timestamp":"2022-02-08T23:47:37.857Z"}
info: Response accepted. {"0":"https://makehs.cl/wp-content/plugins/onepress-plus/assets/js/slider.js?ver=5.9","1":200,"2":"application/javascript","3":{"rss":76144640,"heapTotal":50184192,"heapUsed":38379840,"external":2067288},"4":[5,233458132],"timestamp":"2022-02-08T23:47:37.868Z"}
info: Response accepted. {"0":"https://makehs.cl/wp-includes/js/jquery/jquery-migrate.min.js?ver=3.3.2","1":200,"2":"application/javascript","3":{"rss":76144640,"heapTotal":50184192,"heapUsed":38390064,"external":2067288},"4":[5,235455219],"timestamp":"2022-02-08T23:47:37.870Z"}
info: Response accepted. {"0":"https://makehs.cl/wp-content/themes/onepress/assets/js/owl.carousel.min.js?ver=5.9","1":200,"2":"application/javascript","3":{"rss":76144640,"heapTotal":50184192,"heapUsed":38586568,"external":2100070},"4":[5,239136615],"timestamp":"2022-02-08T23:47:37.874Z"}
info: Response accepted. {"0":"https://makehs.cl/wp-content/plugins/onepress-plus/assets/js/onepress-plus.js?ver=2.2.6","1":200,"2":"application/javascript","3":{"rss":76144640,"heapTotal":50184192,"heapUsed":38640632,"external":2116454},"4":[5,241285846],"timestamp":"2022-02-08T23:47:37.876Z"}
info: Response accepted. {"0":"https://makehs.cl/wp-content/plugins/formidable/js/frm.min.js?ver=4.09.04","1":200,"2":"application/javascript","3":{"rss":76144640,"heapTotal":50184192,"heapUsed":38679464,"external":2124646},"4":[5,243831178],"timestamp":"2022-02-08T23:47:37.878Z"}
info: Response accepted. {"0":"https://makehs.cl/wp-content/themes/onepress/assets/js/bootstrap.min.js?ver=2.2.6","1":200,"2":"application/javascript","3":{"rss":76144640,"heapTotal":50184192,"heapUsed":38837008,"external":2124646},"4":[5,246772101],"timestamp":"2022-02-08T23:47:37.881Z"}
info: Response accepted. {"0":"https://makehs.cl/wp-content/themes/onepress/assets/js/plugins.js?ver=2.2.6","1":200,"2":"application/javascript","3":{"rss":76144640,"heapTotal":50184192,"heapUsed":39090128,"external":2209208},"4":[5,351168182],"timestamp":"2022-02-08T23:47:37.986Z"}
info: Response accepted. {"0":"https://makehs.cl/wp-includes/js/jquery/jquery.min.js?ver=3.6.0","1":200,"2":"application/javascript","3":{"rss":76644352,"heapTotal":50184192,"heapUsed":39344800,"external":2297580},"4":[5,369276987],"timestamp":"2022-02-08T23:47:38.004Z"}
info: Response accepted. {"0":"https://fonts.googleapis.com/css?family=Raleway%3A400%2C500%2C600%2C700%2C300%2C100%2C800%2C900%7COpen+Sans%3A400%2C300%2C300italic%2C400italic%2C600%2C600italic%2C700%2C700italic&subset=latin%2Clatin-ext&ver=2.2.6","1":200,"2":"text/css; charset=utf-8","3":{"rss":76644352,"heapTotal":50446336,"heapUsed":40373160,"external":1948286},"4":[5,490531908],"timestamp":"2022-02-08T23:47:38.125Z"}
info: Response accepted. {"0":"https://cdn.jsdelivr.net/fontawesome/4.7.0/css/font-awesome.min.css?ver=4.7.0","1":200,"2":"text/css; charset=utf-8","3":{"rss":76644352,"heapTotal":50446336,"heapUsed":40537320,"external":1996085},"4":[5,522967413],"timestamp":"2022-02-08T23:47:38.158Z"}
info: Response accepted. {"0":"https://makehs.cl/wp-content/themes/onepress/assets/css/animate.min.css?ver=2.2.6","1":200,"2":"text/css","3":{"rss":76644352,"heapTotal":50446336,"heapUsed":40765648,"external":2071672},"4":[5,812985265],"timestamp":"2022-02-08T23:47:38.448Z"}
info: Response accepted. {"0":"https://makehs.cl/wp-includes/css/dist/block-library/style.min.css?ver=5.9","1":200,"2":"text/css","3":{"rss":76644352,"heapTotal":50446336,"heapUsed":41053360,"external":2197167},"4":[5,820122210],"timestamp":"2022-02-08T23:47:38.455Z"}
info: Response accepted. {"0":"https://makehs.cl/wp-content/plugins/onepress-plus/onepress-plus.css?ver=2.2.6","1":200,"2":"text/css","3":{"rss":77455360,"heapTotal":51494912,"heapUsed":38863088,"external":2191480},"4":[5,835806502],"timestamp":"2022-02-08T23:47:38.470Z"}
info: Response accepted. {"0":"https://makehs.cl/wp-content/themes/onepress/assets/css/lightgallery.css?ver=5.9","1":200,"2":"text/css","3":{"rss":77455360,"heapTotal":51494912,"heapUsed":38896144,"external":2191480},"4":[5,836268166],"timestamp":"2022-02-08T23:47:38.471Z"}
info: Response accepted. {"0":"https://makehs.cl/wp-content/plugins/formidable/css/formidableforms.css?ver=171714","1":200,"2":"text/css","3":{"rss":77455360,"heapTotal":51494912,"heapUsed":38996152,"external":2207871},"4":[5,836858553],"timestamp":"2022-02-08T23:47:38.472Z"}
info: Response accepted. {"0":"https://makehs.cl/wp-content/themes/onepress/assets/css/font-awesome.min.css?ver=4.7.0","1":200,"2":"text/css","3":{"rss":78024704,"heapTotal":51494912,"heapUsed":39159976,"external":2207871},"4":[5,890306849],"timestamp":"2022-02-08T23:47:38.525Z"}
info: Response accepted. {"0":"https://makehs.cl/wp-content/themes/onepress/style.css?ver=5.9","1":200,"2":"text/css","3":{"rss":75096064,"heapTotal":51494912,"heapUsed":39531592,"external":2376228},"4":[5,964851668],"timestamp":"2022-02-08T23:47:38.600Z"}
info: Response accepted. {"0":"https://makehs.cl/wp-content/themes/onepress/assets/css/bootstrap.min.css?ver=2.2.6","1":200,"2":"text/css","3":{"rss":75096064,"heapTotal":51494912,"heapUsed":39694688,"external":2376228},"4":[5,965624717],"timestamp":"2022-02-08T23:47:38.601Z"}
info: Response accepted. {"0":"https://makehs.cl/wp-content/uploads/2020/12/cropped-favicon-192x192.png","1":200,"2":"image/png","3":{"rss":75096064,"heapTotal":51494912,"heapUsed":40966864,"external":2409184},"4":[6,407868864],"timestamp":"2022-02-08T23:47:39.043Z"}
info: Response accepted. {"0":"https://makehs.cl/wp-content/uploads/2020/12/cropped-favicon-32x32.png","1":200,"2":"image/png","3":{"rss":75096064,"heapTotal":51494912,"heapUsed":41025208,"external":2427252},"4":[6,409984017],"timestamp":"2022-02-08T23:47:39.045Z"}
info: Response accepted. {"0":"https://makehs.cl/wp-content/uploads/2020/12/cropped-favicon-180x180.png","1":200,"2":"image/png","3":{"rss":75096064,"heapTotal":51494912,"heapUsed":41123784,"external":2478842},"4":[6,546386691],"timestamp":"2022-02-08T23:47:39.181Z"}
info: Response accepted. {"0":"https://makehs.cl/wp-content/uploads/2020/12/cropped-favicon-270x270.png","1":200,"2":"image/png","3":{"rss":75096064,"heapTotal":51494912,"heapUsed":42060336,"external":2570058},"4":[7,108365571],"timestamp":"2022-02-08T23:47:39.743Z"}
info: Response rejected. {"0":"https://wa.me/56932372650?text=Me%20interesas%20sus%20Servicios.%20¿Me%20pueden%20contactar%20por%20favor?","1":400,"2":"text/html; charset=utf-8","3":{"rss":76038144,"heapTotal":52019200,"heapUsed":34910288,"external":1596065},"4":[7,625667597],"timestamp":"2022-02-08T23:47:40.260Z"}
info: Response rejected. {"0":"https://www.instagram.com/accounts/login/?next=/makehomeschool/","1":200,"2":"text/html; charset=utf-8","3":{"rss":76320768,"heapTotal":52019200,"heapUsed":34971784,"external":1608821},"4":[7,965193761],"timestamp":"2022-02-08T23:47:40.600Z"}
info: Response rejected. {"0":"https://make.par.cl/shared/login/index.html","1":200,"2":"text/html; charset=utf-8","3":{"rss":76320768,"heapTotal":52019200,"heapUsed":35069944,"external":1659199},"4":[8,187882251],"timestamp":"2022-02-08T23:47:40.823Z"}
info: Response rejected. {"0":"https://www.chilewebdesign.cl/","1":200,"2":"text/html","3":{"rss":76320768,"heapTotal":52019200,"heapUsed":35187544,"external":1715303},"4":[8,383902320],"timestamp":"2022-02-08T23:47:41.019Z"}
info: Response accepted. {"0":"https://makehs.cl/nuestro-proyecto-educativo/","1":200,"2":"text/html; charset=UTF-8","3":{"rss":76320768,"heapTotal":52019200,"heapUsed":35339992,"external":1816931},"4":[13,228136019],"timestamp":"2022-02-08T23:47:45.863Z"}
info: Response accepted. {"0":"https://makehs.cl/pei-proyecto-educativo/","1":200,"2":"text/html; charset=UTF-8","3":{"rss":76320768,"heapTotal":52019200,"heapUsed":35429592,"external":1835693},"4":[13,292997614],"timestamp":"2022-02-08T23:47:45.928Z"}
info: Response accepted. {"0":"https://makehs.cl/aranceles-y-matriculas/","1":200,"2":"text/html; charset=UTF-8","3":{"rss":76320768,"heapTotal":52019200,"heapUsed":35563368,"external":1895095},"4":[13,308623569],"timestamp":"2022-02-08T23:47:45.943Z"}
info: Response accepted. {"0":"https://makehs.cl/modalidad-clases-online/","1":200,"2":"text/html; charset=UTF-8","3":{"rss":76320768,"heapTotal":52019200,"heapUsed":35690832,"external":1954999},"4":[13,499106195],"timestamp":"2022-02-08T23:47:46.134Z"}
info: Response accepted. {"0":"https://makehs.cl/historia-mision-vision/","1":200,"2":"text/html; charset=UTF-8","3":{"rss":76320768,"heapTotal":52019200,"heapUsed":35827120,"external":2014781},"4":[13,596569069],"timestamp":"2022-02-08T23:47:46.231Z"}
info: Response accepted. {"0":"https://makehs.cl/modalidad-apoyo-escolar/","1":200,"2":"text/html; charset=UTF-8","3":{"rss":76320768,"heapTotal":52019200,"heapUsed":35954224,"external":2074540},"4":[13,631061916],"timestamp":"2022-02-08T23:47:46.266Z"}
info: Response accepted. {"0":"https://makehs.cl/privacy-policy/","1":200,"2":"text/html; charset=UTF-8","3":{"rss":75051008,"heapTotal":52019200,"heapUsed":36182264,"external":2176498},"4":[13,702735538],"timestamp":"2022-02-08T23:47:46.337Z"}
info: Response accepted. {"0":"https://makehs.cl/modalidad-home-schooling/","1":200,"2":"text/html; charset=UTF-8","3":{"rss":75051008,"heapTotal":52019200,"heapUsed":36266960,"external":2203435},"4":[13,710296791],"timestamp":"2022-02-08T23:47:46.345Z"}
info: Saving resource. {"0":"https://makehs.cl/","1":"html","2":{"rss":75051008,"heapTotal":52019200,"heapUsed":36468312,"external":2203435},"3":[13,713213194],"timestamp":"2022-02-08T23:47:46.348Z"}
info: Zip created. {"0":"offline","1":"allpages","2":false,"3":{"rss":76050432,"heapTotal":52281344,"heapUsed":40767176,"external":1987370},"4":[17,93527048],"timestamp":"2022-02-08T23:47:49.728Z"}
info: File list updated. {"0":"offline","1":"allpages","2":false,"3":{"rss":76050432,"heapTotal":52281344,"heapUsed":41052392,"external":2013829},"4":[17,159133751],"timestamp":"2022-02-08T23:47:49.794Z"}
info: Saving resource. {"0":"https://makehs.cl/wp-content/uploads/2020/12/apoyo-escolar.png","2":{"rss":76050432,"heapTotal":52281344,"heapUsed":41355456,"external":2018784},"3":[17,353488355],"timestamp":"2022-02-08T23:47:49.988Z"}
info: Saving resource. {"0":"https://makehs.cl/wp-content/uploads/2020/12/logo-make-230.png","2":{"rss":76050432,"heapTotal":52281344,"heapUsed":41813808,"external":2148588},"3":[17,617665876],"timestamp":"2022-02-08T23:47:50.252Z"}
info: Saving resource. {"0":"https://makehs.cl/wp-content/uploads/2020/12/cropped-logo-make-230.png","2":{"rss":76300288,"heapTotal":52281344,"heapUsed":42247240,"external":2190401},"3":[17,902710663],"timestamp":"2022-02-08T23:47:50.537Z"}
info: Saving resource. {"0":"https://makehs.cl/wp-content/uploads/2020/12/online.png","2":{"rss":77099008,"heapTotal":52281344,"heapUsed":42681952,"external":2220678},"3":[18,172007880],"timestamp":"2022-02-08T23:47:50.807Z"}
info: Saving resource. {"0":"https://makehs.cl/wp-content/uploads/2020/12/schooling-2.png","2":{"rss":78168064,"heapTotal":52281344,"heapUsed":39625616,"external":1927041},"3":[18,447049276],"timestamp":"2022-02-08T23:47:51.082Z"}
info: Saving resource. {"0":"https://makehs.cl/wp-content/uploads/2020/12/imagen-contacto-300x224.png","2":{"rss":78168064,"heapTotal":52281344,"heapUsed":40054024,"external":1972371},"3":[18,711372317],"timestamp":"2022-02-08T23:47:51.346Z"}
info: Saving resource. {"0":"https://makehs.cl/wp-content/uploads/2020/12/slider-1.jpg","2":{"rss":78168064,"heapTotal":52281344,"heapUsed":40480016,"external":2086428},"3":[18,946663540],"timestamp":"2022-02-08T23:47:51.581Z"}
info: Saving resource. {"0":"https://makehs.cl/wp-content/uploads/2020/12/slider-3.jpg","2":{"rss":78168064,"heapTotal":52281344,"heapUsed":40906392,"external":2290217},"3":[19,252711384],"timestamp":"2022-02-08T23:47:51.887Z"}
info: Saving resource. {"0":"https://makehs.cl/wp-content/uploads/2020/12/logo-blanco-230.png","2":{"rss":77414400,"heapTotal":52281344,"heapUsed":41330728,"external":2444354},"3":[19,491778256],"timestamp":"2022-02-08T23:47:52.126Z"}
info: Saving resource. {"0":"https://makehs.cl/wp-content/uploads/2020/12/slider-2.jpg","2":{"rss":77680640,"heapTotal":52281344,"heapUsed":41754264,"external":2540077},"3":[19,740729858],"timestamp":"2022-02-08T23:47:52.375Z"}
info: Saving resource. {"0":"https://makehs.cl/wp-content/uploads/2021/01/slider1-5-01-01-1-1024x351.png","2":{"rss":79269888,"heapTotal":52281344,"heapUsed":42194216,"external":2843393},"3":[20,13121564],"timestamp":"2022-02-08T23:47:52.648Z"}
info: Saving resource. {"0":"https://makehs.cl/wp-content/uploads/2020/12/logo-blanco-retina.png","2":{"rss":80015360,"heapTotal":52281344,"heapUsed":42644136,"external":3678702},"3":[20,324115493],"timestamp":"2022-02-08T23:47:52.959Z"}
info: Saving resource. {"0":"https://makehs.cl/wp-content/uploads/2021/01/slider1-5-01-01-1-300x103.png","2":{"rss":80015360,"heapTotal":52281344,"heapUsed":43052768,"external":3801342},"3":[20,569896962],"timestamp":"2022-02-08T23:47:53.205Z"}
info: Saving resource. {"0":"https://makehs.cl/wp-content/uploads/2020/12/imagen-contacto.png","2":{"rss":79986688,"heapTotal":52281344,"heapUsed":36252992,"external":1606389},"3":[21,48526902],"timestamp":"2022-02-08T23:47:53.683Z"}
info: Saving resource. {"0":"https://makehs.cl/wp-content/uploads/2020/12/logo-retina.png","2":{"rss":79986688,"heapTotal":52281344,"heapUsed":36672296,"external":1795500},"3":[21,317780033],"timestamp":"2022-02-08T23:47:53.952Z"}
info: Saving resource. {"0":"https://makehs.cl/wp-content/uploads/2020/12/imagen-contacto-768x572.png","2":{"rss":79986688,"heapTotal":52281344,"heapUsed":37084816,"external":1941460},"3":[21,579929229],"timestamp":"2022-02-08T23:47:54.215Z"}
info: Saving resource. {"0":"https://makehs.cl/wp-content/uploads/2021/01/slider1-5-01-01-1-768x263.png","2":{"rss":79986688,"heapTotal":52281344,"heapUsed":37503272,"external":2332026},"3":[21,854465475],"timestamp":"2022-02-08T23:47:54.489Z"}
info: Saving resource. {"0":"https://makehs.cl/wp-content/uploads/2021/01/slider1-5-01-01-1-1536x526.png","2":{"rss":80171008,"heapTotal":52281344,"heapUsed":37925832,"external":2862075},"3":[22,97780525],"timestamp":"2022-02-08T23:47:54.732Z"}
info: Saving resource. {"0":"https://makehs.cl/wp-content/uploads/2021/01/slider1-5-01-01-1-2048x702.png","2":{"rss":82120704,"heapTotal":52281344,"heapUsed":38385712,"external":4630457},"3":[22,364090271],"timestamp":"2022-02-08T23:47:54.999Z"}
info: Saving resource. {"0":"https://makehs.cl/wp-content/plugins/click-to-chat-for-whatsapp/new/inc/assets/js/app.js?ver=3.2.4","1":"js","2":{"rss":85360640,"heapTotal":52281344,"heapUsed":38893360,"external":7647580},"3":[22,620796441],"timestamp":"2022-02-08T23:47:55.256Z"}
info: Saving resource. {"0":"https://makehs.cl/wp-content/themes/onepress/assets/js/theme.js?ver=2.2.6","1":"js","2":{"rss":85630976,"heapTotal":52281344,"heapUsed":39335680,"external":7672039},"3":[22,872262182],"timestamp":"2022-02-08T23:47:55.507Z"}
info: Saving resource. {"0":"https://makehs.cl/wp-content/plugins/onepress-plus/assets/js/slider.js?ver=5.9","1":"js","2":{"rss":85901312,"heapTotal":52281344,"heapUsed":39767248,"external":7787103},"3":[23,109441834],"timestamp":"2022-02-08T23:47:55.744Z"}
info: Saving resource. {"0":"https://makehs.cl/wp-includes/js/jquery/jquery-migrate.min.js?ver=3.3.2","1":"js","2":{"rss":86171648,"heapTotal":52281344,"heapUsed":40191304,"external":7803256},"3":[23,349056105],"timestamp":"2022-02-08T23:47:55.984Z"}
info: Saving resource. {"0":"https://makehs.cl/wp-content/themes/onepress/assets/js/owl.carousel.min.js?ver=5.9","1":"js","2":{"rss":82432000,"heapTotal":52281344,"heapUsed":36982872,"external":1700826},"3":[23,613750432],"timestamp":"2022-02-08T23:47:56.248Z"}
info: Saving resource. {"0":"https://makehs.cl/wp-content/plugins/onepress-plus/assets/js/onepress-plus.js?ver=2.2.6","1":"js","2":{"rss":82432000,"heapTotal":52281344,"heapUsed":37395480,"external":1761333},"3":[23,861843382],"timestamp":"2022-02-08T23:47:56.497Z"}
info: Saving resource. {"0":"https://makehs.cl/wp-content/plugins/formidable/js/frm.min.js?ver=4.09.04","1":"js","2":{"rss":82432000,"heapTotal":52281344,"heapUsed":37811456,"external":1870974},"3":[24,139735966],"timestamp":"2022-02-08T23:47:56.774Z"}
info: Saving resource. {"0":"https://makehs.cl/wp-content/themes/onepress/assets/js/bootstrap.min.js?ver=2.2.6","1":"js","2":{"rss":82432000,"heapTotal":52281344,"heapUsed":38225016,"external":1915508},"3":[24,404702670],"timestamp":"2022-02-08T23:47:57.039Z"}
info: Saving resource. {"0":"https://makehs.cl/wp-content/themes/onepress/assets/js/plugins.js?ver=2.2.6","1":"js","2":{"rss":82432000,"heapTotal":52281344,"heapUsed":38634984,"external":2043851},"3":[24,645338415],"timestamp":"2022-02-08T23:47:57.280Z"}
info: Saving resource. {"0":"https://makehs.cl/wp-includes/js/jquery/jquery.min.js?ver=3.6.0","1":"js","2":{"rss":82563072,"heapTotal":52281344,"heapUsed":39044712,"external":2230645},"3":[24,886444639],"timestamp":"2022-02-08T23:47:57.521Z"}
info: Response accepted. {"0":"https://fonts.gstatic.com/s/opensans/v27/memtYaGs126MiZpBA-UFUIcVXSCEkx2cmqvXlWqWvU6F15M.woff2","1":200,"2":"font/woff2","3":{"rss":83505152,"heapTotal":52281344,"heapUsed":41166008,"external":1715195},"4":[25,325511928],"timestamp":"2022-02-08T23:47:57.962Z"}
info: Response accepted. {"0":"https://fonts.gstatic.com/s/opensans/v27/memtYaGs126MiZpBA-UFUIcVXSCEkx2cmqvXlWqWtU6F15M.woff2","1":200,"2":"font/woff2","3":{"rss":84045824,"heapTotal":52281344,"heapUsed":37451512,"external":1670831},"4":[25,401558510],"timestamp":"2022-02-08T23:47:58.036Z"}
info: Response accepted. {"0":"https://fonts.gstatic.com/s/opensans/v27/memtYaGs126MiZpBA-UFUIcVXSCEkx2cmqvXlWqWtk6F15M.woff2","1":200,"2":"font/woff2","3":{"rss":84045824,"heapTotal":52281344,"heapUsed":37544824,"external":1685913},"4":[25,405142675],"timestamp":"2022-02-08T23:47:58.040Z"}
info: Response accepted. {"0":"https://fonts.gstatic.com/s/opensans/v27/memtYaGs126MiZpBA-UFUIcVXSCEkx2cmqvXlWqWt06F15M.woff2","1":200,"2":"font/woff2","3":{"rss":84045824,"heapTotal":52281344,"heapUsed":37648776,"external":1720043},"4":[25,406381230],"timestamp":"2022-02-08T23:47:58.041Z"}
info: Response accepted. {"0":"https://fonts.gstatic.com/s/opensans/v27/memvYaGs126MiZpBA-UvWbX2vVnXBbObj2OVTSumu1aB.woff2","1":200,"2":"font/woff2","3":{"rss":84045824,"heapTotal":52281344,"heapUsed":37902800,"external":1809885},"4":[25,492306417],"timestamp":"2022-02-08T23:47:58.127Z"}
info: Response accepted. {"0":"https://fonts.gstatic.com/s/opensans/v27/memvYaGs126MiZpBA-UvWbX2vVnXBbObj2OVTSOmu1aB.woff2","1":200,"2":"font/woff2","3":{"rss":84045824,"heapTotal":52281344,"heapUsed":37934400,"external":1815186},"4":[25,494327747],"timestamp":"2022-02-08T23:47:58.129Z"}
info: Response accepted. {"0":"https://fonts.gstatic.com/s/opensans/v27/memvYaGs126MiZpBA-UvWbX2vVnXBbObj2OVTSKmu1aB.woff2","1":200,"2":"font/woff2","3":{"rss":84045824,"heapTotal":52281344,"heapUsed":38188896,"external":1849544},"4":[25,514635621],"timestamp":"2022-02-08T23:47:58.149Z"}
info: Response accepted. {"0":"https://fonts.gstatic.com/s/raleway/v26/1Ptug8zYS_SKggPNyCMIT5lu.woff2","1":200,"2":"font/woff2","3":{"rss":84045824,"heapTotal":52281344,"heapUsed":38284840,"external":1880682},"4":[25,515845837],"timestamp":"2022-02-08T23:47:58.151Z"}
info: Response accepted. {"0":"https://fonts.gstatic.com/s/raleway/v26/1Ptug8zYS_SKggPNyCIIT5lu.woff2","1":200,"2":"font/woff2","3":{"rss":84045824,"heapTotal":52281344,"heapUsed":38332016,"external":1892276},"4":[25,516566749],"timestamp":"2022-02-08T23:47:58.151Z"}
info: Response accepted. {"0":"https://fonts.gstatic.com/s/raleway/v26/1Ptug8zYS_SKggPNyCAIT5lu.woff2","1":200,"2":"font/woff2","3":{"rss":84045824,"heapTotal":52281344,"heapUsed":38566400,"external":2008766},"4":[25,518512052],"timestamp":"2022-02-08T23:47:58.153Z"}
info: Response accepted. {"0":"https://fonts.gstatic.com/s/opensans/v27/memtYaGs126MiZpBA-UFUIcVXSCEkx2cmqvXlWqWtE6F15M.woff2","1":200,"2":"font/woff2","3":{"rss":84283392,"heapTotal":52281344,"heapUsed":38980392,"external":2084084},"4":[25,601539749],"timestamp":"2022-02-08T23:47:58.236Z"}
info: Response accepted. {"0":"https://fonts.gstatic.com/s/raleway/v26/1Ptug8zYS_SKggPNyC0ITw.woff2","1":200,"2":"font/woff2","3":{"rss":84283392,"heapTotal":52281344,"heapUsed":39043672,"external":2087664},"4":[25,602288680],"timestamp":"2022-02-08T23:47:58.237Z"}
info: Response accepted. {"0":"https://fonts.gstatic.com/s/opensans/v27/memtYaGs126MiZpBA-UFUIcVXSCEkx2cmqvXlWqWu06F15M.woff2","1":200,"2":"font/woff2","3":{"rss":84283392,"heapTotal":52281344,"heapUsed":39106152,"external":2105378},"4":[25,603115675],"timestamp":"2022-02-08T23:47:58.238Z"}
info: Response accepted. {"0":"https://fonts.gstatic.com/s/opensans/v27/memtYaGs126MiZpBA-UFUIcVXSCEkx2cmqvXlWqWuk6F15M.woff2","1":200,"2":"font/woff2","3":{"rss":84283392,"heapTotal":52281344,"heapUsed":39182208,"external":2128464},"4":[25,603915469],"timestamp":"2022-02-08T23:47:58.239Z"}
info: Response accepted. {"0":"https://fonts.gstatic.com/s/opensans/v27/memtYaGs126MiZpBA-UFUIcVXSCEkx2cmqvXlWqWuU6F.woff2","1":200,"2":"font/woff2","3":{"rss":84283392,"heapTotal":52281344,"heapUsed":39320680,"external":2177098},"4":[25,606040040],"timestamp":"2022-02-08T23:47:58.241Z"}
info: Response accepted. {"0":"https://fonts.gstatic.com/s/opensans/v27/memvYaGs126MiZpBA-UvWbX2vVnXBbObj2OVTSymu1aB.woff2","1":200,"2":"font/woff2","3":{"rss":84283392,"heapTotal":52281344,"heapUsed":39392824,"external":2198712},"4":[25,608395474],"timestamp":"2022-02-08T23:47:58.243Z"}
info: Response accepted. {"0":"https://fonts.gstatic.com/s/opensans/v27/memvYaGs126MiZpBA-UvWbX2vVnXBbObj2OVTS2mu1aB.woff2","1":200,"2":"font/woff2","3":{"rss":84283392,"heapTotal":52281344,"heapUsed":39465784,"external":2215514},"4":[25,609118395],"timestamp":"2022-02-08T23:47:58.244Z"}
info: Response accepted. {"0":"https://fonts.gstatic.com/s/opensans/v27/memvYaGs126MiZpBA-UvWbX2vVnXBbObj2OVTSCmu1aB.woff2","1":200,"2":"font/woff2","3":{"rss":84283392,"heapTotal":52281344,"heapUsed":39521272,"external":2230332},"4":[25,610894702],"timestamp":"2022-02-08T23:47:58.246Z"}
info: Response accepted. {"0":"https://fonts.gstatic.com/s/opensans/v27/memvYaGs126MiZpBA-UvWbX2vVnXBbObj2OVTSGmu1aB.woff2","1":200,"2":"font/woff2","3":{"rss":84283392,"heapTotal":52281344,"heapUsed":39618976,"external":2262402},"4":[25,612741109],"timestamp":"2022-02-08T23:47:58.247Z"}
info: Response accepted. {"0":"https://fonts.gstatic.com/s/opensans/v27/memvYaGs126MiZpBA-UvWbX2vVnXBbObj2OVTS-muw.woff2","1":200,"2":"font/woff2","3":{"rss":84283392,"heapTotal":52281344,"heapUsed":39756304,"external":2307856},"4":[25,614282931],"timestamp":"2022-02-08T23:47:58.249Z"}
info: Response accepted. {"0":"https://fonts.gstatic.com/s/raleway/v26/1Ptug8zYS_SKggPNyCkIT5lu.woff2","1":200,"2":"font/woff2","3":{"rss":84283392,"heapTotal":52281344,"heapUsed":39840232,"external":2334238},"4":[25,615126541],"timestamp":"2022-02-08T23:47:58.250Z"}
info: Saving resource. {"0":"https://fonts.googleapis.com/css?family=Raleway%3A400%2C500%2C600%2C700%2C300%2C100%2C800%2C900%7COpen+Sans%3A400%2C300%2C300italic%2C400italic%2C600%2C600italic%2C700%2C700italic&subset=latin%2Clatin-ext&ver=2.2.6","1":"css","2":{"rss":84283392,"heapTotal":52281344,"heapUsed":40309952,"external":2334238},"3":[25,690905297],"timestamp":"2022-02-08T23:47:58.326Z"}
info: Response accepted. {"0":"https://cdn.jsdelivr.net/fontawesome/4.7.0/fonts/fontawesome-webfont.woff2?v=4.7.0","1":200,"2":"font/woff2","3":{"rss":84123648,"heapTotal":52281344,"heapUsed":41442600,"external":1909628},"4":[26,44254507],"timestamp":"2022-02-08T23:47:58.679Z"}
info: Response accepted. {"0":"https://cdn.jsdelivr.net/fontawesome/4.7.0/fonts/fontawesome-webfont.woff?v=4.7.0","1":200,"2":"font/woff","3":{"rss":84144128,"heapTotal":52543488,"heapUsed":39358376,"external":2039163},"4":[26,97041079],"timestamp":"2022-02-08T23:47:58.732Z"}
info: Response accepted. {"0":"https://cdn.jsdelivr.net/fontawesome/4.7.0/fonts/fontawesome-webfont.eot?v=4.7.0","1":200,"2":"application/vnd.ms-fontobject","3":{"rss":84217856,"heapTotal":52973568,"heapUsed":38200760,"external":2729100},"4":[26,491579024],"timestamp":"2022-02-08T23:47:59.126Z"}
info: Response accepted. {"0":"https://cdn.jsdelivr.net/fontawesome/4.7.0/fonts/fontawesome-webfont.eot?#iefix&v=4.7.0","1":200,"2":"application/vnd.ms-fontobject","3":{"rss":84475904,"heapTotal":53141504,"heapUsed":38381232,"external":2729100},"4":[26,492560384],"timestamp":"2022-02-08T23:47:59.127Z"}
info: Response accepted. {"0":"https://cdn.jsdelivr.net/fontawesome/4.7.0/fonts/fontawesome-webfont.ttf?v=4.7.0","1":200,"2":"font/ttf","3":{"rss":84475904,"heapTotal":53309440,"heapUsed":38627480,"external":2761868},"4":[26,494450203],"timestamp":"2022-02-08T23:47:59.129Z"}
info: Response accepted. {"0":"https://cdn.jsdelivr.net/fontawesome/4.7.0/fonts/fontawesome-webfont.svg?v=4.7.0#fontawesomeregular","1":200,"2":"image/svg+xml","3":{"rss":85016576,"heapTotal":53755904,"heapUsed":39321640,"external":2950284},"4":[26,502027641],"timestamp":"2022-02-08T23:47:59.137Z"}
info: Saving resource. {"0":"https://cdn.jsdelivr.net/fontawesome/4.7.0/css/font-awesome.min.css?ver=4.7.0","1":"css","2":{"rss":86634496,"heapTotal":53755904,"heapUsed":39361728,"external":2950284},"3":[26,518245174],"timestamp":"2022-02-08T23:47:59.153Z"}
info: Saving resource. {"0":"https://makehs.cl/wp-content/themes/onepress/assets/css/animate.min.css?ver=2.2.6","1":"css","2":{"rss":86040576,"heapTotal":53755904,"heapUsed":40402208,"external":3055174},"3":[26,847064332],"timestamp":"2022-02-08T23:47:59.482Z"}
info: Saving resource. {"0":"https://makehs.cl/wp-includes/css/dist/block-library/style.min.css?ver=5.9","1":"css","2":{"rss":86040576,"heapTotal":53755904,"heapUsed":40955344,"external":3192179},"3":[27,129082152],"timestamp":"2022-02-08T23:47:59.764Z"}
info: Saving resource. {"0":"https://makehs.cl/wp-content/plugins/onepress-plus/onepress-plus.css?ver=2.2.6","1":"css","2":{"rss":86290432,"heapTotal":53755904,"heapUsed":41479368,"external":3361278},"3":[27,386636374],"timestamp":"2022-02-08T23:48:00.022Z"}
info: Response accepted. {"0":"https://makehs.cl/wp-content/themes/onepress/assets/fonts/lg.eot?#iefixn1z373","1":200,"2":"application/vnd.ms-fontobject","3":{"rss":86659072,"heapTotal":54018048,"heapUsed":41310600,"external":2164369},"4":[28,91095452],"timestamp":"2022-02-08T23:48:00.726Z"}
info: Response accepted. {"0":"https://makehs.cl/wp-content/themes/onepress/assets/fonts/lg.eot?n1z373","1":200,"2":"application/vnd.ms-fontobject","3":{"rss":86659072,"heapTotal":54018048,"heapUsed":41333824,"external":2167735},"4":[28,92526040],"timestamp":"2022-02-08T23:48:00.727Z"}
info: Response accepted. {"0":"https://makehs.cl/wp-content/themes/onepress/assets/fonts/lg.svg?n1z373#lg","1":200,"2":"image/svg+xml","3":{"rss":86659072,"heapTotal":54018048,"heapUsed":41389632,"external":2178548},"4":[28,95329476],"timestamp":"2022-02-08T23:48:00.730Z"}
info: Response accepted. {"0":"https://makehs.cl/wp-content/themes/onepress/assets/fonts/lg.ttf?n1z373","1":200,"2":"font/ttf","3":{"rss":86659072,"heapTotal":54018048,"heapUsed":41445568,"external":2181749},"4":[28,98712646],"timestamp":"2022-02-08T23:48:00.733Z"}
info: Response accepted. {"0":"https://makehs.cl/wp-content/themes/onepress/assets/fonts/lg.woff?n1z373","1":200,"2":"font/woff","3":{"rss":86659072,"heapTotal":54018048,"heapUsed":41565048,"external":2220360},"4":[28,101574870],"timestamp":"2022-02-08T23:48:00.736Z"}
info: Response accepted. {"0":"https://makehs.cl/wp-content/themes/onepress/assets/images/loading.gif","1":200,"2":"image/gif","3":{"rss":86659072,"heapTotal":54018048,"heapUsed":41575176,"external":2220360},"4":[28,101967584],"timestamp":"2022-02-08T23:48:00.737Z"}
info: Saving resource. {"0":"https://makehs.cl/wp-content/themes/onepress/assets/css/lightgallery.css?ver=5.9","1":"css","2":{"rss":86659072,"heapTotal":54018048,"heapUsed":41645888,"external":2220360},"3":[28,102876965],"timestamp":"2022-02-08T23:48:00.738Z"}
info: Response accepted. {"0":"https://makehs.cl/wp-content/plugins/formidable/images/ajax_loader.gif","1":200,"2":"image/gif","3":{"rss":87187456,"heapTotal":54018048,"heapUsed":40667192,"external":2213121},"4":[28,792415243],"timestamp":"2022-02-08T23:48:01.427Z"}
info: Response accepted. {"0":"https://makehs.cl/wp-content/plugins/formidable/fonts/s11-fp.woff?v=7","1":200,"2":"font/woff","3":{"rss":87187456,"heapTotal":54018048,"heapUsed":40960648,"external":2360331},"4":[28,937836286],"timestamp":"2022-02-08T23:48:01.573Z"}
info: Response accepted. {"0":"https://makehs.cl/wp-content/plugins/formidable/fonts/s11-fp.ttf?v=7","1":200,"2":"font/ttf","3":{"rss":87187456,"heapTotal":54018048,"heapUsed":41098144,"external":2395243},"4":[29,65829264],"timestamp":"2022-02-08T23:48:01.701Z"}
info: Response accepted. {"0":"https://makehs.cl/wp-content/plugins/formidable/fonts/s11-fp.svg?v=7#s11-fp","1":200,"2":"image/svg+xml","3":{"rss":87457792,"heapTotal":54251520,"heapUsed":41586216,"external":2601208},"4":[29,733871048],"timestamp":"2022-02-08T23:48:02.369Z"}
info: Saving resource. {"0":"https://makehs.cl/wp-content/plugins/formidable/css/formidableforms.css?ver=171714","1":"css","2":{"rss":87457792,"heapTotal":54251520,"heapUsed":41629464,"external":2601208},"3":[29,735581695],"timestamp":"2022-02-08T23:48:02.370Z"}
info: Response accepted. {"0":"https://makehs.cl/wp-content/themes/onepress/assets/fonts/fontawesome-webfont.woff2?v=4.7.0","1":200,"2":"font/woff2","3":{"rss":88219648,"heapTotal":54251520,"heapUsed":41531872,"external":2878700},"4":[30,815529685],"timestamp":"2022-02-08T23:48:03.450Z"}
info: Response accepted. {"0":"https://makehs.cl/wp-content/themes/onepress/assets/fonts/fontawesome-webfont.woff?v=4.7.0","1":200,"2":"font/woff","3":{"rss":88219648,"heapTotal":54251520,"heapUsed":41787208,"external":2985700},"4":[30,820246385],"timestamp":"2022-02-08T23:48:03.455Z"}
info: Response accepted. {"0":"https://makehs.cl/wp-content/themes/onepress/assets/fonts/fontawesome-webfont.ttf?v=4.7.0","1":200,"2":"font/ttf","3":{"rss":87965696,"heapTotal":54419456,"heapUsed":42245464,"external":3225414},"4":[31,87683142],"timestamp":"2022-02-08T23:48:03.722Z"}
info: Response accepted. {"0":"https://makehs.cl/wp-content/themes/onepress/assets/fonts/fontawesome-webfont.eot?#iefix&v=4.7.0","1":200,"2":"application/vnd.ms-fontobject","3":{"rss":88231936,"heapTotal":54587392,"heapUsed":42519616,"external":3285119},"4":[31,216798320],"timestamp":"2022-02-08T23:48:03.851Z"}
info: Response accepted. {"0":"https://makehs.cl/wp-content/themes/onepress/assets/fonts/fontawesome-webfont.eot?v=4.7.0","1":200,"2":"application/vnd.ms-fontobject","3":{"rss":88326144,"heapTotal":54755328,"heapUsed":42709624,"external":3295672},"4":[31,218165644],"timestamp":"2022-02-08T23:48:03.853Z"}
info: Response accepted. {"0":"https://makehs.cl/wp-content/themes/onepress/assets/fonts/fontawesome-webfont.svg?v=4.7.0#fontawesomeregular","1":200,"2":"image/svg+xml","3":{"rss":88862720,"heapTotal":55201792,"heapUsed":43562824,"external":3601230},"4":[32,432240122],"timestamp":"2022-02-08T23:48:05.067Z"}
info: Saving resource. {"0":"https://makehs.cl/wp-content/themes/onepress/assets/css/font-awesome.min.css?ver=4.7.0","1":"css","2":{"rss":88862720,"heapTotal":55201792,"heapUsed":43608440,"external":3609422},"3":[32,433970112],"timestamp":"2022-02-08T23:48:05.069Z"}
info: Saving resource. {"0":"https://makehs.cl/wp-content/themes/onepress/style.css?ver=5.9","1":"css","2":{"rss":89829376,"heapTotal":55201792,"heapUsed":44507336,"external":3714376},"3":[32,682378671],"timestamp":"2022-02-08T23:48:05.317Z"}
info: Saving resource. {"0":"https://makehs.cl/wp-content/themes/onepress/assets/css/bootstrap.min.css?ver=2.2.6","1":"css","2":{"rss":90365952,"heapTotal":55988224,"heapUsed":42938952,"external":2325242},"3":[32,928138683],"timestamp":"2022-02-08T23:48:05.563Z"}
info: Saving resource. {"0":"https://makehs.cl/wp-content/uploads/2020/12/cropped-favicon-192x192.png","2":{"rss":90365952,"heapTotal":55988224,"heapUsed":43499408,"external":2601737},"3":[33,168857800],"timestamp":"2022-02-08T23:48:05.804Z"}
info: Saving resource. {"0":"https://makehs.cl/wp-content/uploads/2020/12/cropped-favicon-32x32.png","2":{"rss":89903104,"heapTotal":55988224,"heapUsed":43921504,"external":2702070},"3":[33,451482609],"timestamp":"2022-02-08T23:48:06.086Z"}
info: Saving resource. {"0":"https://makehs.cl/wp-content/uploads/2020/12/cropped-favicon-180x180.png","2":{"rss":89903104,"heapTotal":55988224,"heapUsed":44325632,"external":2718216},"3":[33,669843778],"timestamp":"2022-02-08T23:48:06.305Z"}
info: Saving resource. {"0":"https://makehs.cl/wp-content/uploads/2020/12/cropped-favicon-270x270.png","2":{"rss":89903104,"heapTotal":55988224,"heapUsed":44730312,"external":2760833},"3":[33,934899361],"timestamp":"2022-02-08T23:48:06.570Z"}
info: File list updated. {"0":"offline","1":"allpages","2":"previewReady","3":{"rss":90456064,"heapTotal":55988224,"heapUsed":42164680,"external":1795394},"4":[34,734084991],"timestamp":"2022-02-08T23:48:07.369Z"}
info: Zip created. {"0":"offline","1":"allpages","2":"previewReady","3":{"rss":92602368,"heapTotal":55463936,"heapUsed":40822296,"external":2790452},"4":[36,708948700],"timestamp":"2022-02-08T23:48:09.344Z"}
info: Response accepted. {"0":"https://makehs.cl/wp-content/uploads/2020/12/plataforma-aprendizaje-300x177.jpg","1":200,"2":"image/jpeg","3":{"rss":95727616,"heapTotal":55463936,"heapUsed":43126104,"external":7167852},"4":[37,823165586],"timestamp":"2022-02-08T23:48:10.458Z"}
info: Response accepted. {"0":"https://makehs.cl/wp-content/uploads/2020/12/plataforma-aprendizaje.jpg","1":200,"2":"image/jpeg","3":{"rss":95727616,"heapTotal":55463936,"heapUsed":43687480,"external":7199789},"4":[38,250561771],"timestamp":"2022-02-08T23:48:10.885Z"}
info: Response rejected. {"0":"https://www.tuclase.cl/par/","1":200,"2":"text/html; charset=UTF-8","3":{"rss":93347840,"heapTotal":55463936,"heapUsed":43363952,"external":2231938},"4":[38,613122502],"timestamp":"2022-02-08T23:48:11.248Z"}
info: Saving resource. {"0":"https://makehs.cl/nuestro-proyecto-educativo/","1":"html","2":{"rss":93347840,"heapTotal":55463936,"heapUsed":43484104,"external":2231938},"3":[38,615062908],"timestamp":"2022-02-08T23:48:11.250Z"}
info: Saving resource. {"0":"https://makehs.cl/pei-proyecto-educativo/","1":"html","2":{"rss":93646848,"heapTotal":55726080,"heapUsed":44948128,"external":2167657},"3":[39,689576247],"timestamp":"2022-02-08T23:48:12.324Z"}
info: Saving resource. {"0":"https://makehs.cl/aranceles-y-matriculas/","1":"html","2":{"rss":94183424,"heapTotal":56250368,"heapUsed":45693992,"external":2227995},"3":[40,598419242],"timestamp":"2022-02-08T23:48:13.233Z"}
info: Saving resource. {"0":"https://makehs.cl/modalidad-clases-online/","1":"html","2":{"rss":94048256,"heapTotal":57036800,"heapUsed":46249336,"external":2237443},"3":[41,502118166],"timestamp":"2022-02-08T23:48:14.137Z"}
info: File list updated. {"0":"offline","1":"allpages","2":false,"3":{"rss":95997952,"heapTotal":57298944,"heapUsed":42499248,"external":1997210},"4":[42,789174733],"timestamp":"2022-02-08T23:48:15.424Z"}
info: Zip created. {"0":"offline","1":"allpages","2":false,"3":{"rss":99045376,"heapTotal":57298944,"heapUsed":41915840,"external":2946230},"4":[44,293676601],"timestamp":"2022-02-08T23:48:16.928Z"}
info: Saving resource. {"0":"https://makehs.cl/historia-mision-vision/","1":"html","2":{"rss":98885632,"heapTotal":57298944,"heapUsed":42779784,"external":2442198},"3":[44,801281484],"timestamp":"2022-02-08T23:48:17.436Z"}
info: Saving resource. {"0":"https://makehs.cl/modalidad-apoyo-escolar/","1":"html","2":{"rss":98775040,"heapTotal":57298944,"heapUsed":42963208,"external":2443423},"3":[45,611121576],"timestamp":"2022-02-08T23:48:18.246Z"}
info: Saving resource. {"0":"https://makehs.cl/privacy-policy/","1":"html","2":{"rss":98746368,"heapTotal":57561088,"heapUsed":46143520,"external":2516681},"3":[46,297875131],"timestamp":"2022-02-08T23:48:18.933Z"}
info: Saving resource. {"0":"https://makehs.cl/modalidad-home-schooling/","1":"html","2":{"rss":99409920,"heapTotal":58347520,"heapUsed":46911104,"external":2585202},"3":[47,198990391],"timestamp":"2022-02-08T23:48:19.834Z"}
info: Saving resource. {"0":"https://fonts.gstatic.com/s/opensans/v27/memtYaGs126MiZpBA-UFUIcVXSCEkx2cmqvXlWqWvU6F15M.woff2","2":{"rss":98836480,"heapTotal":58609664,"heapUsed":49809408,"external":2627770},"3":[47,852520503],"timestamp":"2022-02-08T23:48:20.487Z"}
info: Saving resource. {"0":"https://fonts.gstatic.com/s/opensans/v27/memtYaGs126MiZpBA-UFUIcVXSCEkx2cmqvXlWqWtU6F15M.woff2","2":{"rss":98836480,"heapTotal":58609664,"heapUsed":46662944,"external":2655199},"3":[48,84516970],"timestamp":"2022-02-08T23:48:20.719Z"}
info: Saving resource. {"0":"https://fonts.gstatic.com/s/opensans/v27/memtYaGs126MiZpBA-UFUIcVXSCEkx2cmqvXlWqWtk6F15M.woff2","2":{"rss":98836480,"heapTotal":58609664,"heapUsed":47073240,"external":2684442},"3":[48,337783342],"timestamp":"2022-02-08T23:48:20.972Z"}
info: Saving resource. {"0":"https://fonts.gstatic.com/s/opensans/v27/memtYaGs126MiZpBA-UFUIcVXSCEkx2cmqvXlWqWt06F15M.woff2","2":{"rss":98852864,"heapTotal":58609664,"heapUsed":47482336,"external":2715030},"3":[48,567414640],"timestamp":"2022-02-08T23:48:21.202Z"}
info: Saving resource. {"0":"https://fonts.gstatic.com/s/opensans/v27/memvYaGs126MiZpBA-UvWbX2vVnXBbObj2OVTSumu1aB.woff2","2":{"rss":98852864,"heapTotal":58609664,"heapUsed":47887656,"external":2772858},"3":[48,810687681],"timestamp":"2022-02-08T23:48:21.445Z"}
info: Saving resource. {"0":"https://fonts.gstatic.com/s/opensans/v27/memvYaGs126MiZpBA-UvWbX2vVnXBbObj2OVTSOmu1aB.woff2","2":{"rss":98885632,"heapTotal":58609664,"heapUsed":48295856,"external":2879442},"3":[49,46531220],"timestamp":"2022-02-08T23:48:21.681Z"}
info: Saving resource. {"0":"https://fonts.gstatic.com/s/opensans/v27/memvYaGs126MiZpBA-UvWbX2vVnXBbObj2OVTSKmu1aB.woff2","2":{"rss":98914304,"heapTotal":58609664,"heapUsed":48699736,"external":2900228},"3":[49,313321961],"timestamp":"2022-02-08T23:48:21.948Z"}
info: Saving resource. {"0":"https://fonts.gstatic.com/s/raleway/v26/1Ptug8zYS_SKggPNyCMIT5lu.woff2","2":{"rss":98959360,"heapTotal":58609664,"heapUsed":49107352,"external":3039095},"3":[49,595467602],"timestamp":"2022-02-08T23:48:22.230Z"}
info: Saving resource. {"0":"https://fonts.gstatic.com/s/raleway/v26/1Ptug8zYS_SKggPNyCIIT5lu.woff2","2":{"rss":99192832,"heapTotal":58609664,"heapUsed":49517280,"external":3085634},"3":[49,836848416],"timestamp":"2022-02-08T23:48:22.472Z"}
info: Saving resource. {"0":"https://fonts.gstatic.com/s/raleway/v26/1Ptug8zYS_SKggPNyCAIT5lu.woff2","2":{"rss":99192832,"heapTotal":58609664,"heapUsed":49920192,"external":3120758},"3":[50,104985638],"timestamp":"2022-02-08T23:48:22.740Z"}
info: Saving resource. {"0":"https://fonts.gstatic.com/s/opensans/v27/memtYaGs126MiZpBA-UFUIcVXSCEkx2cmqvXlWqWtE6F15M.woff2","2":{"rss":99831808,"heapTotal":58609664,"heapUsed":50326320,"external":3229062},"3":[50,348136779],"timestamp":"2022-02-08T23:48:22.983Z"}
info: Saving resource. {"0":"https://fonts.gstatic.com/s/raleway/v26/1Ptug8zYS_SKggPNyC0ITw.woff2","2":{"rss":100495360,"heapTotal":58871808,"heapUsed":40603896,"external":1542745},"3":[50,789747525],"timestamp":"2022-02-08T23:48:23.424Z"}
info: Saving resource. {"0":"https://fonts.gstatic.com/s/opensans/v27/memtYaGs126MiZpBA-UFUIcVXSCEkx2cmqvXlWqWu06F15M.woff2","2":{"rss":100495360,"heapTotal":58871808,"heapUsed":41042264,"external":1679985},"3":[51,28409499],"timestamp":"2022-02-08T23:48:23.663Z"}
info: Saving resource. {"0":"https://fonts.gstatic.com/s/opensans/v27/memtYaGs126MiZpBA-UFUIcVXSCEkx2cmqvXlWqWuk6F15M.woff2","2":{"rss":100495360,"heapTotal":58871808,"heapUsed":41448528,"external":1713127},"3":[51,294463180],"timestamp":"2022-02-08T23:48:23.929Z"}
info: Saving resource. {"0":"https://fonts.gstatic.com/s/opensans/v27/memtYaGs126MiZpBA-UFUIcVXSCEkx2cmqvXlWqWuU6F.woff2","2":{"rss":100540416,"heapTotal":58871808,"heapUsed":41857104,"external":1825447},"3":[51,526717575],"timestamp":"2022-02-08T23:48:24.161Z"}
info: Saving resource. {"0":"https://fonts.gstatic.com/s/opensans/v27/memvYaGs126MiZpBA-UvWbX2vVnXBbObj2OVTSymu1aB.woff2","2":{"rss":100642816,"heapTotal":58871808,"heapUsed":42262840,"external":1889575},"3":[51,791337005],"timestamp":"2022-02-08T23:48:24.426Z"}
info: Saving resource. {"0":"https://fonts.gstatic.com/s/opensans/v27/memvYaGs126MiZpBA-UvWbX2vVnXBbObj2OVTS2mu1aB.woff2","2":{"rss":100642816,"heapTotal":58871808,"heapUsed":42670904,"external":1992210},"3":[52,40151719],"timestamp":"2022-02-08T23:48:24.675Z"}
info: Saving resource. {"0":"https://fonts.gstatic.com/s/opensans/v27/memvYaGs126MiZpBA-UvWbX2vVnXBbObj2OVTSCmu1aB.woff2","2":{"rss":100642816,"heapTotal":58871808,"heapUsed":43075600,"external":2032689},"3":[52,273802440],"timestamp":"2022-02-08T23:48:24.908Z"}
info: Saving resource. {"0":"https://fonts.gstatic.com/s/opensans/v27/memvYaGs126MiZpBA-UvWbX2vVnXBbObj2OVTSGmu1aB.woff2","2":{"rss":100642816,"heapTotal":58871808,"heapUsed":43480168,"external":2062992},"3":[52,525931944],"timestamp":"2022-02-08T23:48:25.161Z"}
info: Saving resource. {"0":"https://fonts.gstatic.com/s/opensans/v27/memvYaGs126MiZpBA-UvWbX2vVnXBbObj2OVTS-muw.woff2","2":{"rss":100909056,"heapTotal":58871808,"heapUsed":43888088,"external":2184275},"3":[52,763624446],"timestamp":"2022-02-08T23:48:25.398Z"}
info: Saving resource. {"0":"https://fonts.gstatic.com/s/raleway/v26/1Ptug8zYS_SKggPNyCkIT5lu.woff2","2":{"rss":100909056,"heapTotal":58871808,"heapUsed":44292680,"external":2245206},"3":[53,6289619],"timestamp":"2022-02-08T23:48:25.641Z"}
info: Saving resource. {"0":"https://cdn.jsdelivr.net/fontawesome/4.7.0/fonts/fontawesome-webfont.woff2?v=4.7.0","2":{"rss":101126144,"heapTotal":58871808,"heapUsed":41099216,"external":1603445},"3":[53,240744778],"timestamp":"2022-02-08T23:48:25.875Z"}
info: Saving resource. {"0":"https://cdn.jsdelivr.net/fontawesome/4.7.0/fonts/fontawesome-webfont.woff?v=4.7.0","2":{"rss":101126144,"heapTotal":58871808,"heapUsed":41512616,"external":1770485},"3":[53,485041573],"timestamp":"2022-02-08T23:48:26.120Z"}
info: Saving resource. {"0":"https://cdn.jsdelivr.net/fontawesome/4.7.0/fonts/fontawesome-webfont.eot?v=4.7.0","2":{"rss":101814272,"heapTotal":58871808,"heapUsed":41934008,"external":1950204},"3":[53,737909748],"timestamp":"2022-02-08T23:48:26.373Z"}
info: Saving resource. {"0":"https://cdn.jsdelivr.net/fontawesome/4.7.0/fonts/fontawesome-webfont.eot?#iefix&v=4.7.0","2":{"rss":102350848,"heapTotal":58871808,"heapUsed":42348400,"external":2336919},"3":[53,997103052],"timestamp":"2022-02-08T23:48:26.632Z"}
info: Saving resource. {"0":"https://cdn.jsdelivr.net/fontawesome/4.7.0/fonts/fontawesome-webfont.ttf?v=4.7.0","2":{"rss":102350848,"heapTotal":58871808,"heapUsed":42364032,"external":2336919},"3":[53,998156557],"timestamp":"2022-02-08T23:48:26.633Z"}
info: Saving resource. {"0":"https://cdn.jsdelivr.net/fontawesome/4.7.0/fonts/fontawesome-webfont.svg?v=4.7.0#fontawesomeregular","2":{"rss":102350848,"heapTotal":58871808,"heapUsed":42774808,"external":2649688},"3":[54,244115576],"timestamp":"2022-02-08T23:48:26.879Z"}
info: Saving resource. {"0":"https://makehs.cl/wp-content/themes/onepress/assets/fonts/lg.eot?#iefixn1z373","2":{"rss":103481344,"heapTotal":58871808,"heapUsed":43200688,"external":3568973},"3":[54,527224093],"timestamp":"2022-02-08T23:48:27.162Z"}
info: Saving resource. {"0":"https://makehs.cl/wp-content/themes/onepress/assets/fonts/lg.eot?n1z373","2":{"rss":103481344,"heapTotal":58871808,"heapUsed":43608208,"external":3593309},"3":[54,801798558],"timestamp":"2022-02-08T23:48:27.437Z"}
info: Saving resource. {"0":"https://makehs.cl/wp-content/themes/onepress/assets/fonts/lg.svg?n1z373#lg","2":{"rss":103481344,"heapTotal":58871808,"heapUsed":43623624,"external":3593309},"3":[54,802791411],"timestamp":"2022-02-08T23:48:27.437Z"}
info: Saving resource. {"0":"https://makehs.cl/wp-content/themes/onepress/assets/fonts/lg.ttf?n1z373","2":{"rss":103751680,"heapTotal":58871808,"heapUsed":44027792,"external":3622298},"3":[55,59871203],"timestamp":"2022-02-08T23:48:27.695Z"}
info: Saving resource. {"0":"https://makehs.cl/wp-content/themes/onepress/assets/fonts/lg.woff?n1z373","2":{"rss":104022016,"heapTotal":58871808,"heapUsed":44432608,"external":3638401},"3":[55,308352325],"timestamp":"2022-02-08T23:48:27.943Z"}
info: Saving resource. {"0":"https://makehs.cl/wp-content/themes/onepress/assets/images/loading.gif","2":{"rss":103317504,"heapTotal":58871808,"heapUsed":41654896,"external":1604734},"3":[55,555005277],"timestamp":"2022-02-08T23:48:28.190Z"}
info: Saving resource. {"0":"https://makehs.cl/wp-content/plugins/formidable/images/ajax_loader.gif","2":{"rss":103317504,"heapTotal":58871808,"heapUsed":42068696,"external":1698771},"3":[55,815714395],"timestamp":"2022-02-08T23:48:28.450Z"}
info: Saving resource. {"0":"https://makehs.cl/wp-content/plugins/formidable/fonts/s11-fp.woff?v=7","2":{"rss":103895040,"heapTotal":58871808,"heapUsed":42488912,"external":1714912},"3":[56,75630576],"timestamp":"2022-02-08T23:48:28.711Z"}
info: Saving resource. {"0":"https://makehs.cl/wp-content/plugins/formidable/fonts/s11-fp.ttf?v=7","2":{"rss":103895040,"heapTotal":58871808,"heapUsed":42896992,"external":1790161},"3":[56,339504588],"timestamp":"2022-02-08T23:48:28.974Z"}
info: Saving resource. {"0":"https://makehs.cl/wp-content/plugins/formidable/fonts/s11-fp.svg?v=7#s11-fp","2":{"rss":103895040,"heapTotal":58871808,"heapUsed":43313320,"external":1939042},"3":[56,589793674],"timestamp":"2022-02-08T23:48:29.224Z"}
info: Saving resource. {"0":"https://makehs.cl/wp-content/themes/onepress/assets/fonts/fontawesome-webfont.woff2?v=4.7.0","2":{"rss":104427520,"heapTotal":58871808,"heapUsed":43730848,"external":2447388},"3":[56,857480427],"timestamp":"2022-02-08T23:48:29.492Z"}
info: Saving resource. {"0":"https://makehs.cl/wp-content/themes/onepress/assets/fonts/fontawesome-webfont.woff?v=4.7.0","2":{"rss":104697856,"heapTotal":58871808,"heapUsed":44140376,"external":2614456},"3":[57,112780539],"timestamp":"2022-02-08T23:48:29.747Z"}
info: Saving resource. {"0":"https://makehs.cl/wp-content/themes/onepress/assets/fonts/fontawesome-webfont.ttf?v=4.7.0","2":{"rss":105238528,"heapTotal":58871808,"heapUsed":44552616,"external":2859786},"3":[57,335078250],"timestamp":"2022-02-08T23:48:29.970Z"}
info: Saving resource. {"0":"https://makehs.cl/wp-content/themes/onepress/assets/fonts/fontawesome-webfont.eot?#iefix&v=4.7.0","2":{"rss":105508864,"heapTotal":58871808,"heapUsed":44965384,"external":3172633},"3":[57,621553036],"timestamp":"2022-02-08T23:48:30.256Z"}
info: Saving resource. {"0":"https://makehs.cl/wp-content/themes/onepress/assets/fonts/fontawesome-webfont.eot?v=4.7.0","2":{"rss":104845312,"heapTotal":57823232,"heapUsed":41069240,"external":1538018},"3":[58,150333909],"timestamp":"2022-02-08T23:48:30.785Z"}
info: Saving resource. {"0":"https://makehs.cl/wp-content/themes/onepress/assets/fonts/fontawesome-webfont.svg?v=4.7.0#fontawesomeregular","2":{"rss":104845312,"heapTotal":57823232,"heapUsed":41085064,"external":1538018},"3":[58,151229634],"timestamp":"2022-02-08T23:48:30.786Z"}
info: Saving resource. {"0":"https://makehs.cl/wp-content/uploads/2020/12/plataforma-aprendizaje-300x177.jpg","2":{"rss":105394176,"heapTotal":57823232,"heapUsed":41513152,"external":2391842},"3":[58,450628149],"timestamp":"2022-02-08T23:48:31.085Z"}
info: Saving resource. {"0":"https://makehs.cl/wp-content/uploads/2020/12/plataforma-aprendizaje.jpg","2":{"rss":105451520,"heapTotal":57823232,"heapUsed":41940456,"external":2491684},"3":[58,717045176],"timestamp":"2022-02-08T23:48:31.352Z"}
info: Downloaded: 97 files. {"0":{"rss":105451520,"heapTotal":57823232,"heapUsed":42344712,"external":2522754},"1":[58,965102372],"timestamp":"2022-02-08T23:48:31.600Z"}
